<?xml version="1.0" encoding="UTF-8"?>
<testng-results skipped="0" failed="0" ignored="0" total="1" passed="1">
  <reporter-output>
  </reporter-output>
  <suite name="Default suite" duration-ms="4648" started-at="2020-11-10T06:42:22Z" finished-at="2020-11-10T06:42:27Z">
    <groups>
    </groups>
    <test name="Default test" duration-ms="4648" started-at="2020-11-10T06:42:22Z" finished-at="2020-11-10T06:42:27Z">
      <class name="apiTests.UpdatePetInformationTest">
        <test-method status="PASS" signature="verifyPetInformationUpdateViaAPI_JSON()[pri:0, instance:apiTests.UpdatePetInformationTest@7ee8290b]" name="verifyPetInformationUpdateViaAPI_JSON" duration-ms="4635" started-at="2020-11-10T12:12:22Z" finished-at="2020-11-10T12:12:27Z">
          <reporter-output>
          </reporter-output>
        </test-method> <!-- verifyPetInformationUpdateViaAPI_JSON -->
      </class> <!-- apiTests.UpdatePetInformationTest -->
    </test> <!-- Default test -->
  </suite> <!-- Default suite -->
</testng-results>
